<?xml version="1.0" encoding="UTF-8"?>
<!-- Generated by org.testng.reporters.JUnitReportReporter -->
<testsuite hostname="DESKTOP-3OCF0EL" failures="0" tests="3" name="co.pragra.learning.fullstackqa.b15framework.testcases.HomePageTest" time="0.000" errors="0" timestamp="19 Apr. 2020 21:56:10 GMT" skipped="3">
  <testcase classname="co.pragra.learning.fullstackqa.b15framework.testcases.HomePageTest" name="testBroser" time="0.000">
    <skipped/>
  </testcase> <!-- testBroser -->
  <testcase classname="co.pragra.learning.fullstackqa.b15framework.testcases.HomePageTest" name="testBrosweProperty">
    <skipped/>
  </testcase> <!-- testBrosweProperty -->
  <testcase classname="co.pragra.learning.fullstackqa.b15framework.testcases.HomePageTest" name="nonExitenceKeytest">
    <skipped/>
  </testcase> <!-- nonExitenceKeytest -->
</testsuite> <!-- co.pragra.learning.fullstackqa.b15framework.testcases.HomePageTest -->
