<?xml version="1.0" encoding="UTF-8"?>
<!-- Generated by org.testng.reporters.JUnitReportReporter -->
<testsuite hostname="DESKTOP-3OCF0EL" failures="0" tests="12" name="co.pragra.learning.fullstackqa.b15framework.testcases.TopNavBarTest" time="0.000" errors="0" timestamp="19 Apr. 2020 21:56:10 GMT" skipped="12">
  <testcase classname="co.pragra.learning.fullstackqa.b15framework.testcases.TopNavBarTest" name="testClickOnVideoTutorial" time="0.000">
    <skipped/>
  </testcase> <!-- testClickOnVideoTutorial -->
  <testcase classname="co.pragra.learning.fullstackqa.b15framework.testcases.TopNavBarTest" name="testClickOnSupport" time="0.000">
    <skipped/>
  </testcase> <!-- testClickOnSupport -->
  <testcase classname="co.pragra.learning.fullstackqa.b15framework.testcases.TopNavBarTest" name="clickOnDownloadZoom" time="0.000">
    <skipped/>
  </testcase> <!-- clickOnDownloadZoom -->
  <testcase classname="co.pragra.learning.fullstackqa.b15framework.testcases.TopNavBarTest" name="ContactSales" time="0.000">
    <skipped/>
  </testcase> <!-- ContactSales -->
  <testcase classname="co.pragra.learning.fullstackqa.b15framework.testcases.TopNavBarTest" name="testClickOnLiveTraining" time="0.000">
    <skipped/>
  </testcase> <!-- testClickOnLiveTraining -->
  <testcase classname="co.pragra.learning.fullstackqa.b15framework.testcases.TopNavBarTest" name="signInTest" time="0.000">
    <skipped/>
  </testcase> <!-- signInTest -->
  <testcase classname="co.pragra.learning.fullstackqa.b15framework.testcases.TopNavBarTest" name="testClickOnBlog" time="0.000">
    <skipped/>
  </testcase> <!-- testClickOnBlog -->
  <testcase classname="co.pragra.learning.fullstackqa.b15framework.testcases.TopNavBarTest" name="testClickOnWebinarsEvents" time="0.000">
    <skipped/>
  </testcase> <!-- testClickOnWebinarsEvents -->
  <testcase classname="co.pragra.learning.fullstackqa.b15framework.testcases.TopNavBarTest" name="testClickOnRequestDemo" time="0.000">
    <skipped/>
  </testcase> <!-- testClickOnRequestDemo -->
  <testcase classname="co.pragra.learning.fullstackqa.b15framework.testcases.TopNavBarTest" name="testClickOnFaq" time="0.000">
    <skipped/>
  </testcase> <!-- testClickOnFaq -->
  <testcase classname="co.pragra.learning.fullstackqa.b15framework.testcases.TopNavBarTest" name="PlanPricing" time="0.000">
    <skipped/>
  </testcase> <!-- PlanPricing -->
  <testcase classname="co.pragra.learning.fullstackqa.b15framework.testcases.TopNavBarTest" name="JoinMeeting" time="0.000">
    <skipped/>
  </testcase> <!-- JoinMeeting -->
</testsuite> <!-- co.pragra.learning.fullstackqa.b15framework.testcases.TopNavBarTest -->
